{"C:\\code\\vmax\\vmax-auth-server\\vmax-auth-server\\services\\tenant.service.js": {"path":"C:\\code\\vmax\\vmax-auth-server\\vmax-auth-server\\services\\tenant.service.js","statementMap":{"0":{"start":{"line":4,"column":16},"end":{"line":20,"column":1}},"1":{"start":{"line":23,"column":22},"end":{"line":29,"column":1}},"2":{"start":{"line":25,"column":4},"end":{"line":25,"column":53}},"3":{"start":{"line":25,"column":31},"end":{"line":25,"column":51}},"4":{"start":{"line":27,"column":4},"end":{"line":27,"column":25}},"5":{"start":{"line":33,"column":28},"end":{"line":42,"column":1}},"6":{"start":{"line":35,"column":4},"end":{"line":35,"column":53}},"7":{"start":{"line":35,"column":31},"end":{"line":35,"column":51}},"8":{"start":{"line":37,"column":4},"end":{"line":38,"column":20}},"9":{"start":{"line":38,"column":8},"end":{"line":38,"column":20}},"10":{"start":{"line":40,"column":4},"end":{"line":40,"column":78}},"11":{"start":{"line":44,"column":0},"end":{"line":47,"column":1}}},"fnMap":{"0":{"name":"(anonymous_0)","decl":{"start":{"line":23,"column":22},"end":{"line":23,"column":23}},"loc":{"start":{"line":23,"column":46},"end":{"line":29,"column":1}},"line":23},"1":{"name":"(anonymous_1)","decl":{"start":{"line":25,"column":26},"end":{"line":25,"column":27}},"loc":{"start":{"line":25,"column":31},"end":{"line":25,"column":51}},"line":25},"2":{"name":"(anonymous_2)","decl":{"start":{"line":33,"column":28},"end":{"line":33,"column":29}},"loc":{"start":{"line":33,"column":52},"end":{"line":42,"column":1}},"line":33},"3":{"name":"(anonymous_3)","decl":{"start":{"line":35,"column":26},"end":{"line":35,"column":27}},"loc":{"start":{"line":35,"column":31},"end":{"line":35,"column":51}},"line":35}},"branchMap":{"0":{"loc":{"start":{"line":37,"column":4},"end":{"line":38,"column":20}},"type":"if","locations":[{"start":{"line":37,"column":4},"end":{"line":38,"column":20}},{"start":{},"end":{}}],"line":37},"1":{"loc":{"start":{"line":40,"column":11},"end":{"line":40,"column":78}},"type":"binary-expr","locations":[{"start":{"line":40,"column":11},"end":{"line":40,"column":39}},{"start":{"line":40,"column":43},"end":{"line":40,"column":78}}],"line":40}},"s":{"0":1,"1":1,"2":3,"3":5,"4":3,"5":1,"6":5,"7":8,"8":5,"9":1,"10":4,"11":1},"f":{"0":3,"1":5,"2":5,"3":8},"b":{"0":[1,4],"1":[4,2]},"_coverageSchema":"1a1c01bbd47fc00a2c39e90264f33305004495a9","hash":"971b5dbfed4d2c787ec3c82c86867076e292778d"}
}
