TN:
SF:src\server.js
FN:61,(anonymous_0)
FN:73,(anonymous_1)
FN:78,(anonymous_2)
FN:96,(anonymous_3)
FNF:4
FNH:0
FNDA:0,(anonymous_0)
FNDA:0,(anonymous_1)
FNDA:0,(anonymous_2)
FNDA:0,(anonymous_3)
DA:1,0
DA:2,0
DA:3,0
DA:4,0
DA:5,0
DA:6,0
DA:7,0
DA:8,0
DA:14,0
DA:17,0
DA:20,0
DA:21,0
DA:22,0
DA:26,0
DA:31,0
DA:33,0
DA:34,0
DA:44,0
DA:46,0
DA:56,0
DA:59,0
DA:61,0
DA:63,0
DA:73,0
DA:74,0
DA:78,0
DA:79,0
DA:80,0
DA:82,0
DA:92,0
DA:96,0
DA:97,0
LF:32
LH:0
BRDA:79,0,0,0
BRDA:79,0,1,0
BRDA:80,1,0,0
BRDA:80,1,1,0
BRDA:92,2,0,0
BRDA:92,2,1,0
BRF:6
BRH:0
end_of_record
TN:
SF:src\controllers\app.controller.js
FNF:0
FNH:0
LF:0
LH:0
BRF:0
BRH:0
end_of_record
TN:
SF:src\controllers\auth.controller.js
FN:19,login
FN:49,doLogin
FN:87,getToken
FN:111,logout
FNF:4
FNH:0
FNDA:0,login
FNDA:0,doLogin
FNDA:0,getToken
FNDA:0,logout
DA:1,0
DA:3,0
DA:21,0
DA:23,0
DA:24,0
DA:26,0
DA:27,0
DA:30,0
DA:31,0
DA:33,0
DA:34,0
DA:36,0
DA:39,0
DA:51,0
DA:53,0
DA:54,0
DA:56,0
DA:57,0
DA:62,0
DA:64,0
DA:65,0
DA:67,0
DA:68,0
DA:70,0
DA:71,0
DA:73,0
DA:75,0
DA:78,0
DA:82,0
DA:89,0
DA:90,0
DA:92,0
DA:94,0
DA:95,0
DA:99,0
DA:101,0
DA:103,0
DA:106,0
DA:113,0
DA:115,0
DA:116,0
DA:118,0
DA:119,0
DA:122,0
DA:123,0
DA:126,0
DA:128,0
DA:129,0
DA:131,0
DA:135,0
LF:50
LH:0
BRDA:23,0,0,0
BRDA:23,0,1,0
BRDA:26,1,0,0
BRDA:26,1,1,0
BRDA:30,2,0,0
BRDA:30,2,1,0
BRDA:30,3,0,0
BRDA:30,3,1,0
BRDA:33,4,0,0
BRDA:33,4,1,0
BRDA:53,5,0,0
BRDA:53,5,1,0
BRDA:56,6,0,0
BRDA:56,6,1,0
BRDA:64,7,0,0
BRDA:64,7,1,0
BRDA:64,8,0,0
BRDA:64,8,1,0
BRDA:70,9,0,0
BRDA:70,9,1,0
BRDA:94,10,0,0
BRDA:94,10,1,0
BRDA:94,11,0,0
BRDA:94,11,1,0
BRDA:94,11,2,0
BRDA:115,12,0,0
BRDA:115,12,1,0
BRDA:118,13,0,0
BRDA:118,13,1,0
BRDA:122,14,0,0
BRDA:122,14,1,0
BRDA:128,15,0,0
BRDA:128,15,1,0
BRF:33
BRH:0
end_of_record
TN:
SF:src\controllers\tenant.controller.js
FNF:0
FNH:0
LF:0
LH:0
BRF:0
BRH:0
end_of_record
TN:
SF:src\controllers\user.controller.js
FN:3,(anonymous_0)
FN:10,(anonymous_1)
FN:21,(anonymous_2)
FN:25,(anonymous_3)
FN:29,(anonymous_4)
FN:33,(anonymous_5)
FN:37,(anonymous_6)
FNF:7
FNH:0
FNDA:0,(anonymous_0)
FNDA:0,(anonymous_1)
FNDA:0,(anonymous_2)
FNDA:0,(anonymous_3)
FNDA:0,(anonymous_4)
FNDA:0,(anonymous_5)
FNDA:0,(anonymous_6)
DA:5,0
DA:7,0
DA:12,0
DA:17,0
DA:22,0
DA:26,0
DA:30,0
DA:34,0
DA:38,0
DA:43,0
LF:10
LH:0
BRF:0
BRH:0
end_of_record
TN:
SF:src\helpers\db.js
FNF:0
FNH:0
LF:0
LH:0
BRF:0
BRH:0
end_of_record
TN:
SF:src\helpers\exception.js
FN:2,(anonymous_0)
FN:11,(anonymous_1)
FNF:2
FNH:0
FNDA:0,(anonymous_0)
FNDA:0,(anonymous_1)
DA:3,0
DA:4,0
DA:5,0
DA:12,0
DA:16,0
LF:5
LH:0
BRDA:11,0,0,0
BRF:1
BRH:0
end_of_record
TN:
SF:src\middlewares\tenant.middleware.js
FN:6,(anonymous_0)
FN:21,(anonymous_1)
FNF:2
FNH:0
FNDA:0,(anonymous_0)
FNDA:0,(anonymous_1)
DA:2,0
DA:6,0
DA:8,0
DA:10,0
DA:12,0
DA:13,0
DA:18,0
DA:21,0
DA:23,0
DA:25,0
DA:27,0
DA:28,0
DA:33,0
DA:37,0
LF:14
LH:0
BRDA:12,0,0,0
BRDA:12,0,1,0
BRDA:27,1,0,0
BRDA:27,1,1,0
BRF:4
BRH:0
end_of_record
TN:
SF:src\models\app.js
FNF:0
FNH:0
LF:0
LH:0
BRF:0
BRH:0
end_of_record
TN:
SF:src\models\tenant.js
FN:6,model
FNF:1
FNH:0
FNDA:0,model
DA:1,0
DA:4,0
DA:7,0
DA:17,0
DA:18,0
LF:5
LH:0
BRF:0
BRH:0
end_of_record
TN:
SF:src\models\user.js
FNF:0
FNH:0
LF:0
LH:0
BRF:0
BRH:0
end_of_record
TN:
SF:src\routes\auth.router.js
FNF:0
FNH:0
DA:1,0
DA:3,0
DA:4,0
DA:5,0
DA:8,0
DA:14,0
DA:18,0
DA:22,0
LF:8
LH:0
BRF:0
BRH:0
end_of_record
TN:
SF:src\routes\user.router.js
FNF:0
FNH:0
DA:1,0
DA:2,0
DA:3,0
DA:76,0
DA:113,0
DA:146,0
DA:182,0
DA:214,0
DA:253,0
DA:289,0
DA:294,0
LF:11
LH:0
BRF:0
BRH:0
end_of_record
TN:
SF:src\services\auth.service.js
FN:6,(anonymous_0)
FN:26,(anonymous_1)
FN:31,doLogin
FN:33,(anonymous_3)
FN:48,generateToken
FNF:5
FNH:0
FNDA:0,(anonymous_0)
FNDA:0,(anonymous_1)
FNDA:0,doLogin
FNDA:0,(anonymous_3)
FNDA:0,generateToken
DA:1,0
DA:2,0
DA:3,0
DA:6,0
DA:9,0
DA:11,0
DA:18,0
DA:26,0
DA:33,0
DA:35,0
DA:36,0
DA:39,0
DA:42,0
DA:50,0
DA:52,0
DA:55,0
LF:16
LH:0
BRDA:9,0,0,0
BRDA:9,0,1,0
BRDA:33,1,0,0
BRDA:33,1,1,0
BRDA:33,1,2,0
BRDA:35,2,0,0
BRDA:35,2,1,0
BRF:7
BRH:0
end_of_record
TN:
SF:src\services\tenant.service.js
FN:23,(anonymous_0)
FN:25,(anonymous_1)
FN:33,(anonymous_2)
FN:35,(anonymous_3)
FNF:4
FNH:4
FNDA:3,(anonymous_0)
FNDA:5,(anonymous_1)
FNDA:5,(anonymous_2)
FNDA:8,(anonymous_3)
DA:4,1
DA:23,1
DA:25,5
DA:27,3
DA:33,1
DA:35,8
DA:37,5
DA:38,1
DA:40,4
DA:44,1
LF:10
LH:10
BRDA:37,0,0,1
BRDA:37,0,1,4
BRDA:40,1,0,4
BRDA:40,1,1,2
BRF:4
BRH:4
end_of_record
TN:
SF:src\services\user.service.js
FNF:0
FNH:0
LF:0
LH:0
BRF:0
BRH:0
end_of_record
